  NeuralNetwork.cpp
c:\users\us3rs\desktop\senior project execution\artificial neural network spe\artificial neural network spe\neuralnetwork.cpp(22): warning C4018: '<': signed/unsigned mismatch
c:\users\us3rs\desktop\senior project execution\artificial neural network spe\artificial neural network spe\neuralnetwork.cpp(26): warning C4018: '<': signed/unsigned mismatch
c:\users\us3rs\desktop\senior project execution\artificial neural network spe\artificial neural network spe\neuralnetwork.cpp(35): warning C4018: '<': signed/unsigned mismatch
c:\users\us3rs\desktop\senior project execution\artificial neural network spe\artificial neural network spe\neuralnetwork.cpp(39): warning C4018: '<': signed/unsigned mismatch
c:\users\us3rs\desktop\senior project execution\artificial neural network spe\artificial neural network spe\neuralnetwork.cpp(52): warning C4018: '<': signed/unsigned mismatch
c:\users\us3rs\desktop\senior project execution\artificial neural network spe\artificial neural network spe\neuralnetwork.cpp(55): warning C4018: '<': signed/unsigned mismatch
c:\users\us3rs\desktop\senior project execution\artificial neural network spe\artificial neural network spe\neuralnetwork.cpp(71): warning C4018: '<': signed/unsigned mismatch
c:\users\us3rs\desktop\senior project execution\artificial neural network spe\artificial neural network spe\neuralnetwork.cpp(90): warning C4018: '<': signed/unsigned mismatch
c:\users\us3rs\desktop\senior project execution\artificial neural network spe\artificial neural network spe\neuralnetwork.cpp(99): warning C4018: '<': signed/unsigned mismatch
c:\users\us3rs\desktop\senior project execution\artificial neural network spe\artificial neural network spe\neuralnetwork.cpp(126): warning C4018: '<': signed/unsigned mismatch
c:\users\us3rs\desktop\senior project execution\artificial neural network spe\artificial neural network spe\neuralnetwork.cpp(174): warning C4018: '<': signed/unsigned mismatch
c:\users\us3rs\desktop\senior project execution\artificial neural network spe\artificial neural network spe\neuralnetwork.cpp(176): warning C4018: '<': signed/unsigned mismatch
c:\users\us3rs\desktop\senior project execution\artificial neural network spe\artificial neural network spe\neuralnetwork.cpp(185): warning C4018: '<': signed/unsigned mismatch
c:\users\us3rs\desktop\senior project execution\artificial neural network spe\artificial neural network spe\neuralnetwork.cpp(194): warning C4018: '<': signed/unsigned mismatch
c:\users\us3rs\desktop\senior project execution\artificial neural network spe\artificial neural network spe\neuralnetwork.cpp(212): warning C4018: '<': signed/unsigned mismatch
c:\users\us3rs\desktop\senior project execution\artificial neural network spe\artificial neural network spe\neuralnetwork.cpp(314): warning C4018: '<': signed/unsigned mismatch
c:\users\us3rs\desktop\senior project execution\artificial neural network spe\artificial neural network spe\neuralnetwork.cpp(328): warning C4018: '<': signed/unsigned mismatch
c:\users\us3rs\desktop\senior project execution\artificial neural network spe\artificial neural network spe\mathops.h(16): warning C4018: '<': signed/unsigned mismatch
  c:\users\us3rs\desktop\senior project execution\artificial neural network spe\artificial neural network spe\neuralnetwork.cpp(78): note: see reference to function template instantiation 'std::string vecToString<double>(std::vector<double,std::allocator<_Ty>>)' being compiled
          with
          [
              _Ty=double
          ]
c:\users\us3rs\desktop\senior project execution\artificial neural network spe\artificial neural network spe\mathops.h(23): warning C4018: '<': signed/unsigned mismatch
c:\users\us3rs\desktop\senior project execution\artificial neural network spe\artificial neural network spe\mathops.h(145): warning C4018: '<': signed/unsigned mismatch
  c:\users\us3rs\desktop\senior project execution\artificial neural network spe\artificial neural network spe\neuralnetwork.cpp(80): note: see reference to function template instantiation 'D average<double>(std::vector<double,std::allocator<_Ty>>)' being compiled
          with
          [
              D=double,
              _Ty=double
          ]
c:\users\us3rs\desktop\senior project execution\artificial neural network spe\artificial neural network spe\mathops.h(75): warning C4018: '<': signed/unsigned mismatch
  c:\users\us3rs\desktop\senior project execution\artificial neural network spe\artificial neural network spe\neuralnetwork.cpp(196): note: see reference to function template instantiation 'std::vector<double,std::allocator<_Ty>> dot<double>(std::pair<std::vector<_Ty,std::allocator<_Ty>>,std::vector<std::vector<_Ty,std::allocator<_Ty>>,std::allocator<std::vector<_Ty,std::allocator<_Ty>>>>>)' being compiled
          with
          [
              _Ty=double
          ]
c:\users\us3rs\desktop\senior project execution\artificial neural network spe\artificial neural network spe\mathops.h(78): warning C4018: '<': signed/unsigned mismatch
c:\users\us3rs\desktop\senior project execution\artificial neural network spe\artificial neural network spe\mathops.h(119): warning C4018: '<': signed/unsigned mismatch
  c:\users\us3rs\desktop\senior project execution\artificial neural network spe\artificial neural network spe\mathops.h(135): note: see reference to function template instantiation 'D fractionalError<double>(std::vector<double,std::allocator<_Ty>>,std::vector<_Ty,std::allocator<_Ty>>)' being compiled
          with
          [
              D=double,
              _Ty=double
          ]
  c:\users\us3rs\desktop\senior project execution\artificial neural network spe\artificial neural network spe\neuralnetwork.cpp(77): note: see reference to function template instantiation 'D error<double>(std::vector<double,std::allocator<_Ty>>,std::vector<_Ty,std::allocator<_Ty>>)' being compiled
          with
          [
              D=double,
              _Ty=double
          ]
c:\users\us3rs\desktop\senior project execution\artificial neural network spe\artificial neural network spe\mathops.h(108): warning C4018: '<': signed/unsigned mismatch
  c:\users\us3rs\desktop\senior project execution\artificial neural network spe\artificial neural network spe\mathops.h(138): note: see reference to function template instantiation 'D sumSquaredDifference<double>(std::vector<double,std::allocator<_Ty>>,std::vector<_Ty,std::allocator<_Ty>>)' being compiled
          with
          [
              D=double,
              _Ty=double
          ]
  Artificial Neural Network SPE.vcxproj -> C:\Users\us3rs\Desktop\Senior Project Execution\Artificial Neural Network SPE\Debug\Artificial Neural Network SPE.exe
